Using pre-set license
Built from '2020.3/staging' branch; Version is '2020.3.28f1 (f5400f52e03f) revision 16072719'; Using compiler version '192528614'; Build Type 'Release'
OS: 'Windows 10  (10.0.19043) 64bit Core' Language: 'es' Physical Memory: 32584 MB
BatchMode: 1, IsHumanControllingUs: 0, StartBugReporterOnCrash: 0, Is64bit: 1, IsPro: 0

COMMAND LINE ARGUMENTS:
C:\Program Files\Unity\Hub\Editor\2020.3.28f1\Editor\Unity.exe
-adb2
-batchMode
-noUpm
-name
AssetImportWorker0
-projectPath
C:/Users/anton/Documents/VR-Terror/VR-TerrorGame
-logFile
Logs/AssetImportWorker0.log
-srvPort
62984
Successfully changed project path to: C:/Users/anton/Documents/VR-Terror/VR-TerrorGame
C:/Users/anton/Documents/VR-Terror/VR-TerrorGame
Using Asset Import Pipeline V2.
Refreshing native plugins compatible for Editor in 97.06 ms, found 11 plugins.
Preloading 2 native plugins for Editor in 1.74 ms.
Initialize engine version: 2020.3.28f1 (f5400f52e03f)
[Subsystems] Discovering subsystems at path C:/Program Files/Unity/Hub/Editor/2020.3.28f1/Editor/Data/Resources/UnitySubsystems
[Subsystems] Discovering subsystems at path C:/Users/anton/Documents/VR-Terror/VR-TerrorGame/Assets
GfxDevice: creating device client; threaded=0
Direct3D:
    Version:  Direct3D 11.0 [level 11.1]
    Renderer: NVIDIA GeForce RTX 2070 (ID=0x1f14)
    Vendor:   
    VRAM:     8031 MB
    Driver:   30.0.14.7141
Initialize mono
Mono path[0] = 'C:/Program Files/Unity/Hub/Editor/2020.3.28f1/Editor/Data/Managed'
Mono path[1] = 'C:/Program Files/Unity/Hub/Editor/2020.3.28f1/Editor/Data/MonoBleedingEdge/lib/mono/unityjit'
Mono config path = 'C:/Program Files/Unity/Hub/Editor/2020.3.28f1/Editor/Data/MonoBleedingEdge/etc'
Using monoOptions --debugger-agent=transport=dt_socket,embedding=1,server=y,suspend=n,address=127.0.0.1:56856
Begin MonoManager ReloadAssembly
Registering precompiled unity dll's ...
Register platform support module: C:/Program Files/Unity/Hub/Editor/2020.3.28f1/Editor/Data/PlaybackEngines/MacStandaloneSupport/UnityEditor.OSXStandalone.Extensions.dll
Register platform support module: C:/Program Files/Unity/Hub/Editor/2020.3.28f1/Editor/Data/PlaybackEngines/WindowsStandaloneSupport/UnityEditor.WindowsStandalone.Extensions.dll
Registered in 0.002496 seconds.
Native extension for WindowsStandalone target not found
Native extension for OSXStandalone target not found
Refreshing native plugins compatible for Editor in 86.27 ms, found 11 plugins.
Preloading 2 native plugins for Editor in 0.14 ms.
Mono: successfully reloaded assembly
- Completed reload, in  0.595 seconds
Domain Reload Profiling:
	ReloadAssembly (595ms)
		BeginReloadAssembly (55ms)
			ExecutionOrderSort (0ms)
			DisableScriptedObjects (0ms)
			BackupInstance (0ms)
			ReleaseScriptingObjects (0ms)
			CreateAndSetChildDomain (1ms)
		EndReloadAssembly (471ms)
			LoadAssemblies (54ms)
			RebuildTransferFunctionScriptingTraits (0ms)
			SetupTypeCache (139ms)
			ReleaseScriptCaches (0ms)
			RebuildScriptCaches (30ms)
			SetupLoadedEditorAssemblies (213ms)
				LogAssemblyErrors (0ms)
				InitializePlatformSupportModulesInManaged (5ms)
				SetLoadedEditorAssemblies (0ms)
				RefreshPlugins (86ms)
				BeforeProcessingInitializeOnLoad (23ms)
				ProcessInitializeOnLoadAttributes (73ms)
				ProcessInitializeOnLoadMethodAttributes (26ms)
				AfterProcessingInitializeOnLoad (0ms)
				EditorAssembliesLoaded (0ms)
			ExecutionOrderSort2 (0ms)
			AwakeInstancesAfterBackupRestoration (0ms)
Platform modules already initialized, skipping
Registering precompiled user dll's ...
Registered in 0.008218 seconds.
Begin MonoManager ReloadAssembly
Native extension for WindowsStandalone target not found
Native extension for OSXStandalone target not found
Refreshing native plugins compatible for Editor in 75.74 ms, found 11 plugins.
Preloading 2 native plugins for Editor in 0.22 ms.
[XR] OculusXRPlugin: registering subsystems
[XR] Unable to register display lifecyle provider: [1]
[XR] Oculus Input lifecycle provider registered.
[XR] Unable to register input lifecyle provider: [1]
System.Reflection.TargetInvocationException: Exception has been thrown by the target of an invocation. ---> System.NullReferenceException: Object reference not set to an instance of an object
  at Unity.XR.Oculus.OculusLoader.AssetPathToAbsolutePath (System.String assetPath) [0x00048] in C:\Users\anton\Documents\VR-Terror\VR-TerrorGame\Library\PackageCache\com.unity.xr.oculus@1.11.2\Runtime\OculusLoader.cs:250 
  at Unity.XR.Oculus.OculusLoader.EditorLoadOVRPlugin () [0x0007b] in C:\Users\anton\Documents\VR-Terror\VR-TerrorGame\Library\PackageCache\com.unity.xr.oculus@1.11.2\Runtime\OculusLoader.cs:235 
  at (wrapper managed-to-native) System.Reflection.MonoMethod.InternalInvoke(System.Reflection.MonoMethod,object,object[],System.Exception&)
  at System.Reflection.MonoMethod.Invoke (System.Object obj, System.Reflection.BindingFlags invokeAttr, System.Reflection.Binder binder, System.Object[] parameters, System.Globalization.CultureInfo culture) [0x00032] in <695d1cc93cca45069c528c15c9fdd749>:0 
   --- End of inner exception stack trace ---
  at System.Reflection.MonoMethod.Invoke (System.Object obj, System.Reflection.BindingFlags invokeAttr, System.Reflection.Binder binder, System.Object[] parameters, System.Globalization.CultureInfo culture) [0x00048] in <695d1cc93cca45069c528c15c9fdd749>:0 
  at System.Reflection.MethodBase.Invoke (System.Object obj, System.Object[] parameters) [0x00000] in <695d1cc93cca45069c528c15c9fdd749>:0 
  at UnityEditor.EditorAssemblies.ProcessInitializeOnLoadMethodAttributes () [0x00047] in <af1a2f671a98418f910899d70a717c00>:0 
UnityEngine.StackTraceUtility:ExtractStackTrace ()
UnityEngine.DebugLogHandler:LogFormat (UnityEngine.LogType,UnityEngine.Object,string,object[])
UnityEngine.Logger:Log (UnityEngine.LogType,object)
UnityEngine.Debug:LogError (object)
UnityEditor.EditorAssemblies:ProcessInitializeOnLoadMethodAttributes ()

Mono: successfully reloaded assembly
- Completed reload, in  1.089 seconds
Domain Reload Profiling:
	ReloadAssembly (1090ms)
		BeginReloadAssembly (130ms)
			ExecutionOrderSort (0ms)
			DisableScriptedObjects (4ms)
			BackupInstance (0ms)
			ReleaseScriptingObjects (0ms)
			CreateAndSetChildDomain (17ms)
		EndReloadAssembly (905ms)
			LoadAssemblies (86ms)
			RebuildTransferFunctionScriptingTraits (0ms)
			SetupTypeCache (284ms)
			ReleaseScriptCaches (1ms)
			RebuildScriptCaches (47ms)
			SetupLoadedEditorAssemblies (378ms)
				LogAssemblyErrors (0ms)
				InitializePlatformSupportModulesInManaged (4ms)
				SetLoadedEditorAssemblies (0ms)
				RefreshPlugins (76ms)
				BeforeProcessingInitializeOnLoad (74ms)
				ProcessInitializeOnLoadAttributes (202ms)
				ProcessInitializeOnLoadMethodAttributes (17ms)
				AfterProcessingInitializeOnLoad (6ms)
				EditorAssembliesLoaded (0ms)
			ExecutionOrderSort2 (0ms)
			AwakeInstancesAfterBackupRestoration (4ms)
Platform modules already initialized, skipping
========================================================================
Worker process is ready to serve import requests
Launched and connected shader compiler UnityShaderCompiler.exe after 0.06 seconds
Refreshing native plugins compatible for Editor in 1.03 ms, found 11 plugins.
Preloading 2 native plugins for Editor in 0.14 ms.
Unloading 2778 Unused Serialized files (Serialized files now loaded: 0)
System memory in use before: 140.4 MB.
System memory in use after: 140.6 MB.

Unloading 25 unused Assets to reduce memory usage. Loaded Objects now: 3229.
Total: 4.301100 ms (FindLiveObjects: 0.427800 ms CreateObjectMapping: 0.301800 ms MarkObjects: 3.474100 ms  DeleteObjects: 0.095700 ms)

AssetImportParameters requested are different than current active one (requested -> active):
  custom:framework-win-MediaFoundation: 216162199b28c13a410421893ffa2e32 -> 
  custom:video-decoder-ogg-theora: a1e56fd34408186e4bbccfd4996cb3dc -> 
  custom:container-muxer-webm: aa71ff27fc2769a1b78a27578f13a17b -> 
  custom:container-demuxer-webm: 4f35f7cbe854078d1ac9338744f61a02 -> 
  custom:container-demuxer-ogg: 62fdf1f143b41e24485cea50d1cbac27 -> 
  custom:video-encoder-webm-vp8: eb34c28f22e8b96e1ab97ce403110664 -> 
  custom:video-decoder-webm-vp8: 9c59270c3fd7afecdb556c50c9e8de78 -> 
  custom:audio-decoder-ogg-vorbis: bf7c407c2cedff20999df2af8eb42d56 -> 
  custom:audio-encoder-webm-vorbis: bf7c407c2cedff20999df2af8eb42d56 -> 
========================================================================
Received Import Request.
  path: Assets/Horror FPS KIT/HFPS Assets/HFPS 1.6.3 Documentation.pdf
  artifactKey: Guid(68c48b7e8f05039479ed1de2e7e29e02) Importer(815301076,1909f56bfc062723c751e8b465ee728b)
Start importing Assets/Horror FPS KIT/HFPS Assets/HFPS 1.6.3 Documentation.pdf using Guid(68c48b7e8f05039479ed1de2e7e29e02) Importer(815301076,1909f56bfc062723c751e8b465ee728b)  -> (artifact id: 'f3e8d6600825a0ad9c571c27d140533c') in 0.038391 seconds 
  Import took 0.044819 seconds .

========================================================================
Received Import Request.
  Time since last request: 173.521095 seconds.
  path: Assets/Horror FPS KIT/HFPS Assets/Content
  artifactKey: Guid(47375fb7f08a7f14598933a120e7a589) Importer(815301076,1909f56bfc062723c751e8b465ee728b)
Start importing Assets/Horror FPS KIT/HFPS Assets/Content using Guid(47375fb7f08a7f14598933a120e7a589) Importer(815301076,1909f56bfc062723c751e8b465ee728b)  -> (artifact id: '5a6961089dd85980004339f0219d8e50') in 0.006121 seconds 
  Import took 0.011813 seconds .

========================================================================
Received Import Request.
  Time since last request: 6.660931 seconds.
  path: Assets/Horror FPS KIT/HFPS Assets/Content/Models
  artifactKey: Guid(06a412a21ba59f0469ebad2f9aa1482b) Importer(815301076,1909f56bfc062723c751e8b465ee728b)
Start importing Assets/Horror FPS KIT/HFPS Assets/Content/Models using Guid(06a412a21ba59f0469ebad2f9aa1482b) Importer(815301076,1909f56bfc062723c751e8b465ee728b)  -> (artifact id: '12d9ac67f999ef5eb4ac202f2c301d58') in 0.005336 seconds 
  Import took 0.010230 seconds .

========================================================================
Received Import Request.
  Time since last request: 2.787291 seconds.
  path: Assets/Horror FPS KIT/HFPS Assets/Content/Models/Interactive
  artifactKey: Guid(6ffc57def175d044385b4326b315e8c8) Importer(815301076,1909f56bfc062723c751e8b465ee728b)
Start importing Assets/Horror FPS KIT/HFPS Assets/Content/Models/Interactive using Guid(6ffc57def175d044385b4326b315e8c8) Importer(815301076,1909f56bfc062723c751e8b465ee728b)  -> (artifact id: '1d7915e7b3d294a716f9bb0168bf9632') in 0.007409 seconds 
  Import took 0.013075 seconds .

========================================================================
Received Import Request.
  Time since last request: 4.769532 seconds.
  path: Assets/Horror FPS KIT/HFPS Assets/Content/Models/Misc
  artifactKey: Guid(c7ad0479af0ed1b4ba6ebc2283d50c1b) Importer(815301076,1909f56bfc062723c751e8b465ee728b)
Start importing Assets/Horror FPS KIT/HFPS Assets/Content/Models/Misc using Guid(c7ad0479af0ed1b4ba6ebc2283d50c1b) Importer(815301076,1909f56bfc062723c751e8b465ee728b)  -> (artifact id: '987f400e62ef830912395f720913a12c') in 0.007192 seconds 
  Import took 0.011833 seconds .

========================================================================
Received Import Request.
  Time since last request: 3.270688 seconds.
  path: Assets/Horror FPS KIT/HFPS Assets/Content/Models/Props
  artifactKey: Guid(5feef36f0a89350468b815dc6de0ce35) Importer(815301076,1909f56bfc062723c751e8b465ee728b)
Start importing Assets/Horror FPS KIT/HFPS Assets/Content/Models/Props using Guid(5feef36f0a89350468b815dc6de0ce35) Importer(815301076,1909f56bfc062723c751e8b465ee728b)  -> (artifact id: 'e18dd339e1b8a39b2b51bb2027939bbc') in 0.005782 seconds 
  Import took 0.010608 seconds .

========================================================================
Received Import Request.
  Time since last request: 6.062153 seconds.
  path: Assets/Horror FPS KIT/HFPS Assets/Content/Models/Props/Bookshelf
  artifactKey: Guid(71406d25a558d734c83327ca0220afbd) Importer(815301076,1909f56bfc062723c751e8b465ee728b)
Start importing Assets/Horror FPS KIT/HFPS Assets/Content/Models/Props/Bookshelf using Guid(71406d25a558d734c83327ca0220afbd) Importer(815301076,1909f56bfc062723c751e8b465ee728b)  -> (artifact id: 'cd4cfb97963b855540bc9030d1da0007') in 0.007063 seconds 
  Import took 0.012474 seconds .

========================================================================
Received Import Request.
  Time since last request: 0.057480 seconds.
  path: Assets/Horror FPS KIT/HFPS Assets/Content/Models/Props/Bookshelf/Bookshelf_Big.fbx
  artifactKey: Guid(ab240680afd2d7945ad5d5d41e02487a) Importer(815301076,1909f56bfc062723c751e8b465ee728b)
Start importing Assets/Horror FPS KIT/HFPS Assets/Content/Models/Props/Bookshelf/Bookshelf_Big.fbx using Guid(ab240680afd2d7945ad5d5d41e02487a) Importer(815301076,1909f56bfc062723c751e8b465ee728b)  -> (artifact id: 'eb62a33ea74d7e1f9708055cccd56c5a') in 0.121883 seconds 
  Import took 0.126019 seconds .

========================================================================
Received Import Request.
  Time since last request: 2.299215 seconds.
  path: Assets/Horror FPS KIT/HFPS Assets/Content/Models/Props/Bucket
  artifactKey: Guid(842b91ceac9781e4b952dc1a188bf0cc) Importer(815301076,1909f56bfc062723c751e8b465ee728b)
Start importing Assets/Horror FPS KIT/HFPS Assets/Content/Models/Props/Bucket using Guid(842b91ceac9781e4b952dc1a188bf0cc) Importer(815301076,1909f56bfc062723c751e8b465ee728b)  -> (artifact id: '4ef3fa78a04ddd1a1affcf4e98f338ec') in 0.005433 seconds 
  Import took 0.010164 seconds .

========================================================================
Received Import Request.
  Time since last request: 0.073775 seconds.
  path: Assets/Horror FPS KIT/HFPS Assets/Content/Models/Props/Bucket/bucket_a.FBX
  artifactKey: Guid(e8de45ec322f8784b871690da99da871) Importer(815301076,1909f56bfc062723c751e8b465ee728b)
Start importing Assets/Horror FPS KIT/HFPS Assets/Content/Models/Props/Bucket/bucket_a.FBX using Guid(e8de45ec322f8784b871690da99da871) Importer(815301076,1909f56bfc062723c751e8b465ee728b)  -> (artifact id: '700b20983f60220d7bfa52a1da65d786') in 0.022880 seconds 
  Import took 0.027325 seconds .

========================================================================
Received Import Request.
  Time since last request: 0.000184 seconds.
  path: Assets/Horror FPS KIT/HFPS Assets/Content/Models/Props/Bucket/bucket_b.FBX
  artifactKey: Guid(44b5f2e5029270748882491831746842) Importer(815301076,1909f56bfc062723c751e8b465ee728b)
Start importing Assets/Horror FPS KIT/HFPS Assets/Content/Models/Props/Bucket/bucket_b.FBX using Guid(44b5f2e5029270748882491831746842) Importer(815301076,1909f56bfc062723c751e8b465ee728b)  -> (artifact id: 'c1bde331b9ace1e6e3f145fc5331e9d2') in 0.019000 seconds 
  Import took 0.022998 seconds .

========================================================================
Received Import Request.
  Time since last request: 4.200568 seconds.
  path: Assets/Horror FPS KIT/HFPS Assets/Content/Models/Props/CageLight
  artifactKey: Guid(8f4d45e2a268449498019c892117f3d5) Importer(815301076,1909f56bfc062723c751e8b465ee728b)
Start importing Assets/Horror FPS KIT/HFPS Assets/Content/Models/Props/CageLight using Guid(8f4d45e2a268449498019c892117f3d5) Importer(815301076,1909f56bfc062723c751e8b465ee728b)  -> (artifact id: '6024944cc37dbb7ea14aa731a81031a0') in 0.006032 seconds 
  Import took 0.010697 seconds .

========================================================================
Received Import Request.
  Time since last request: 0.075974 seconds.
  path: Assets/Horror FPS KIT/HFPS Assets/Content/Models/Props/CageLight/Cagelight.fbx
  artifactKey: Guid(2d5869b81bf3435459dd15e7dad320aa) Importer(815301076,1909f56bfc062723c751e8b465ee728b)
Start importing Assets/Horror FPS KIT/HFPS Assets/Content/Models/Props/CageLight/Cagelight.fbx using Guid(2d5869b81bf3435459dd15e7dad320aa) Importer(815301076,1909f56bfc062723c751e8b465ee728b)  -> (artifact id: 'd7f609982f0dd07c102ee97cc422b4d4') in 0.040580 seconds 
  Import took 0.045533 seconds .

========================================================================
Received Import Request.
  Time since last request: 2.300210 seconds.
  path: Assets/Horror FPS KIT/HFPS Assets/Content/Models/Props/Candle
  artifactKey: Guid(6af4fdbe88584464aa1ffaa3b6dbe7bd) Importer(815301076,1909f56bfc062723c751e8b465ee728b)
Start importing Assets/Horror FPS KIT/HFPS Assets/Content/Models/Props/Candle using Guid(6af4fdbe88584464aa1ffaa3b6dbe7bd) Importer(815301076,1909f56bfc062723c751e8b465ee728b)  -> (artifact id: 'f7df85365a36a909f550b1fcb7d1910c') in 0.005536 seconds 
  Import took 0.010851 seconds .

========================================================================
Received Import Request.
  Time since last request: 0.040804 seconds.
  path: Assets/Horror FPS KIT/HFPS Assets/Content/Models/Props/Candle/Candle_01.FBX
  artifactKey: Guid(c1347a00af544b9429b2e66a6304f837) Importer(815301076,1909f56bfc062723c751e8b465ee728b)
Start importing Assets/Horror FPS KIT/HFPS Assets/Content/Models/Props/Candle/Candle_01.FBX using Guid(c1347a00af544b9429b2e66a6304f837) Importer(815301076,1909f56bfc062723c751e8b465ee728b)  -> (artifact id: '94cda3ef34d29d4b2be040ca630e1c49') in 0.022522 seconds 
  Import took 0.026850 seconds .

========================================================================
Received Import Request.
  Time since last request: 0.000241 seconds.
  path: Assets/Horror FPS KIT/HFPS Assets/Content/Models/Props/Candle/Candle_03.FBX
  artifactKey: Guid(676a1d941c4689947864bb72d3363345) Importer(815301076,1909f56bfc062723c751e8b465ee728b)
Start importing Assets/Horror FPS KIT/HFPS Assets/Content/Models/Props/Candle/Candle_03.FBX using Guid(676a1d941c4689947864bb72d3363345) Importer(815301076,1909f56bfc062723c751e8b465ee728b)  -> (artifact id: 'faea1e0848c5e7e3af15258e8346c223') in 0.024812 seconds 
  Import took 0.028860 seconds .

========================================================================
Received Import Request.
  Time since last request: 0.000213 seconds.
  path: Assets/Horror FPS KIT/HFPS Assets/Content/Models/Props/Candle/Candle_02.FBX
  artifactKey: Guid(b6bd5a0a097596e4690e104161d43c6c) Importer(815301076,1909f56bfc062723c751e8b465ee728b)
Start importing Assets/Horror FPS KIT/HFPS Assets/Content/Models/Props/Candle/Candle_02.FBX using Guid(b6bd5a0a097596e4690e104161d43c6c) Importer(815301076,1909f56bfc062723c751e8b465ee728b)  -> (artifact id: 'd49f43415dec63e21e0daa85afc6df49') in 0.022772 seconds 
  Import took 0.027040 seconds .

========================================================================
Received Prepare
Registering precompiled user dll's ...
Registered in 0.008540 seconds.
Begin MonoManager ReloadAssembly
Native extension for WindowsStandalone target not found
Native extension for OSXStandalone target not found
Refreshing native plugins compatible for Editor in 1.08 ms, found 11 plugins.
Preloading 2 native plugins for Editor in 0.15 ms.
System.Reflection.TargetInvocationException: Exception has been thrown by the target of an invocation. ---> System.NullReferenceException: Object reference not set to an instance of an object
  at Unity.XR.Oculus.OculusLoader.AssetPathToAbsolutePath (System.String assetPath) [0x00048] in C:\Users\anton\Documents\VR-Terror\VR-TerrorGame\Library\PackageCache\com.unity.xr.oculus@1.11.2\Runtime\OculusLoader.cs:250 
  at Unity.XR.Oculus.OculusLoader.EditorLoadOVRPlugin () [0x0007b] in C:\Users\anton\Documents\VR-Terror\VR-TerrorGame\Library\PackageCache\com.unity.xr.oculus@1.11.2\Runtime\OculusLoader.cs:235 
  at (wrapper managed-to-native) System.Reflection.MonoMethod.InternalInvoke(System.Reflection.MonoMethod,object,object[],System.Exception&)
  at System.Reflection.MonoMethod.Invoke (System.Object obj, System.Reflection.BindingFlags invokeAttr, System.Reflection.Binder binder, System.Object[] parameters, System.Globalization.CultureInfo culture) [0x00032] in <695d1cc93cca45069c528c15c9fdd749>:0 
   --- End of inner exception stack trace ---
  at System.Reflection.MonoMethod.Invoke (System.Object obj, System.Reflection.BindingFlags invokeAttr, System.Reflection.Binder binder, System.Object[] parameters, System.Globalization.CultureInfo culture) [0x00048] in <695d1cc93cca45069c528c15c9fdd749>:0 
  at System.Reflection.MethodBase.Invoke (System.Object obj, System.Object[] parameters) [0x00000] in <695d1cc93cca45069c528c15c9fdd749>:0 
  at UnityEditor.EditorAssemblies.ProcessInitializeOnLoadMethodAttributes () [0x00047] in <af1a2f671a98418f910899d70a717c00>:0 
UnityEngine.StackTraceUtility:ExtractStackTrace ()
UnityEngine.DebugLogHandler:LogFormat (UnityEngine.LogType,UnityEngine.Object,string,object[])
UnityEngine.Logger:Log (UnityEngine.LogType,object)
UnityEngine.Debug:LogError (object)
UnityEditor.EditorAssemblies:ProcessInitializeOnLoadMethodAttributes ()

Mono: successfully reloaded assembly
- Completed reload, in  0.976 seconds
Domain Reload Profiling:
	ReloadAssembly (976ms)
		BeginReloadAssembly (110ms)
			ExecutionOrderSort (0ms)
			DisableScriptedObjects (4ms)
			BackupInstance (0ms)
			ReleaseScriptingObjects (0ms)
			CreateAndSetChildDomain (32ms)
		EndReloadAssembly (812ms)
			LoadAssemblies (87ms)
			RebuildTransferFunctionScriptingTraits (0ms)
			SetupTypeCache (288ms)
			ReleaseScriptCaches (1ms)
			RebuildScriptCaches (36ms)
			SetupLoadedEditorAssemblies (311ms)
				LogAssemblyErrors (0ms)
				InitializePlatformSupportModulesInManaged (4ms)
				SetLoadedEditorAssemblies (0ms)
				RefreshPlugins (1ms)
				BeforeProcessingInitializeOnLoad (83ms)
				ProcessInitializeOnLoadAttributes (200ms)
				ProcessInitializeOnLoadMethodAttributes (16ms)
				AfterProcessingInitializeOnLoad (6ms)
				EditorAssembliesLoaded (0ms)
			ExecutionOrderSort2 (0ms)
			AwakeInstancesAfterBackupRestoration (5ms)
Platform modules already initialized, skipping
Refreshing native plugins compatible for Editor in 1.03 ms, found 11 plugins.
Preloading 2 native plugins for Editor in 0.13 ms.
Unloading 2639 Unused Serialized files (Serialized files now loaded: 0)
System memory in use before: 132.4 MB.
System memory in use after: 132.6 MB.

Unloading 18 unused Assets to reduce memory usage. Loaded Objects now: 3242.
Total: 2.911800 ms (FindLiveObjects: 0.211400 ms CreateObjectMapping: 0.167100 ms MarkObjects: 2.511300 ms  DeleteObjects: 0.021200 ms)

AssetImportParameters requested are different than current active one (requested -> active):
  custom:framework-win-MediaFoundation: 216162199b28c13a410421893ffa2e32 -> 
  custom:video-decoder-ogg-theora: a1e56fd34408186e4bbccfd4996cb3dc -> 
  custom:container-muxer-webm: aa71ff27fc2769a1b78a27578f13a17b -> 
  custom:container-demuxer-webm: 4f35f7cbe854078d1ac9338744f61a02 -> 
  custom:container-demuxer-ogg: 62fdf1f143b41e24485cea50d1cbac27 -> 
  custom:video-encoder-webm-vp8: eb34c28f22e8b96e1ab97ce403110664 -> 
  custom:video-decoder-webm-vp8: 9c59270c3fd7afecdb556c50c9e8de78 -> 
  custom:audio-decoder-ogg-vorbis: bf7c407c2cedff20999df2af8eb42d56 -> 
  custom:audio-encoder-webm-vorbis: bf7c407c2cedff20999df2af8eb42d56 -> 
========================================================================
Received Prepare
Registering precompiled user dll's ...
Registered in 0.012067 seconds.
Begin MonoManager ReloadAssembly
Native extension for WindowsStandalone target not found
Native extension for OSXStandalone target not found
Refreshing native plugins compatible for Editor in 1.29 ms, found 11 plugins.
Preloading 2 native plugins for Editor in 0.22 ms.
System.Reflection.TargetInvocationException: Exception has been thrown by the target of an invocation. ---> System.NullReferenceException: Object reference not set to an instance of an object
  at Unity.XR.Oculus.OculusLoader.AssetPathToAbsolutePath (System.String assetPath) [0x00048] in C:\Users\anton\Documents\VR-Terror\VR-TerrorGame\Library\PackageCache\com.unity.xr.oculus@1.11.2\Runtime\OculusLoader.cs:250 
  at Unity.XR.Oculus.OculusLoader.EditorLoadOVRPlugin () [0x0007b] in C:\Users\anton\Documents\VR-Terror\VR-TerrorGame\Library\PackageCache\com.unity.xr.oculus@1.11.2\Runtime\OculusLoader.cs:235 
  at (wrapper managed-to-native) System.Reflection.MonoMethod.InternalInvoke(System.Reflection.MonoMethod,object,object[],System.Exception&)
  at System.Reflection.MonoMethod.Invoke (System.Object obj, System.Reflection.BindingFlags invokeAttr, System.Reflection.Binder binder, System.Object[] parameters, System.Globalization.CultureInfo culture) [0x00032] in <695d1cc93cca45069c528c15c9fdd749>:0 
   --- End of inner exception stack trace ---
  at System.Reflection.MonoMethod.Invoke (System.Object obj, System.Reflection.BindingFlags invokeAttr, System.Reflection.Binder binder, System.Object[] parameters, System.Globalization.CultureInfo culture) [0x00048] in <695d1cc93cca45069c528c15c9fdd749>:0 
  at System.Reflection.MethodBase.Invoke (System.Object obj, System.Object[] parameters) [0x00000] in <695d1cc93cca45069c528c15c9fdd749>:0 
  at UnityEditor.EditorAssemblies.ProcessInitializeOnLoadMethodAttributes () [0x00047] in <af1a2f671a98418f910899d70a717c00>:0 
UnityEngine.StackTraceUtility:ExtractStackTrace ()
UnityEngine.DebugLogHandler:LogFormat (UnityEngine.LogType,UnityEngine.Object,string,object[])
UnityEngine.Logger:Log (UnityEngine.LogType,object)
UnityEngine.Debug:LogError (object)
UnityEditor.EditorAssemblies:ProcessInitializeOnLoadMethodAttributes ()

Mono: successfully reloaded assembly
- Completed reload, in  1.421 seconds
Domain Reload Profiling:
	ReloadAssembly (1422ms)
		BeginReloadAssembly (140ms)
			ExecutionOrderSort (0ms)
			DisableScriptedObjects (6ms)
			BackupInstance (0ms)
			ReleaseScriptingObjects (0ms)
			CreateAndSetChildDomain (41ms)
		EndReloadAssembly (1198ms)
			LoadAssemblies (135ms)
			RebuildTransferFunctionScriptingTraits (0ms)
			SetupTypeCache (421ms)
			ReleaseScriptCaches (1ms)
			RebuildScriptCaches (53ms)
			SetupLoadedEditorAssemblies (459ms)
				LogAssemblyErrors (0ms)
				InitializePlatformSupportModulesInManaged (6ms)
				SetLoadedEditorAssemblies (1ms)
				RefreshPlugins (2ms)
				BeforeProcessingInitializeOnLoad (123ms)
				ProcessInitializeOnLoadAttributes (295ms)
				ProcessInitializeOnLoadMethodAttributes (23ms)
				AfterProcessingInitializeOnLoad (10ms)
				EditorAssembliesLoaded (1ms)
			ExecutionOrderSort2 (0ms)
			AwakeInstancesAfterBackupRestoration (7ms)
Platform modules already initialized, skipping
Refreshing native plugins compatible for Editor in 1.28 ms, found 11 plugins.
Preloading 2 native plugins for Editor in 0.20 ms.
Unloading 2639 Unused Serialized files (Serialized files now loaded: 0)
System memory in use before: 132.5 MB.
System memory in use after: 132.7 MB.

Unloading 18 unused Assets to reduce memory usage. Loaded Objects now: 3245.
Total: 4.121800 ms (FindLiveObjects: 0.279900 ms CreateObjectMapping: 0.192800 ms MarkObjects: 3.621700 ms  DeleteObjects: 0.026400 ms)

AssetImportParameters requested are different than current active one (requested -> active):
  custom:framework-win-MediaFoundation: 216162199b28c13a410421893ffa2e32 -> 
  custom:video-decoder-ogg-theora: a1e56fd34408186e4bbccfd4996cb3dc -> 
  custom:container-muxer-webm: aa71ff27fc2769a1b78a27578f13a17b -> 
  custom:container-demuxer-webm: 4f35f7cbe854078d1ac9338744f61a02 -> 
  custom:container-demuxer-ogg: 62fdf1f143b41e24485cea50d1cbac27 -> 
  custom:video-encoder-webm-vp8: eb34c28f22e8b96e1ab97ce403110664 -> 
  custom:video-decoder-webm-vp8: 9c59270c3fd7afecdb556c50c9e8de78 -> 
  custom:audio-decoder-ogg-vorbis: bf7c407c2cedff20999df2af8eb42d56 -> 
  custom:audio-encoder-webm-vorbis: bf7c407c2cedff20999df2af8eb42d56 -> 
========================================================================
Received Prepare
Registering precompiled user dll's ...
Registered in 0.011765 seconds.
Begin MonoManager ReloadAssembly
Native extension for WindowsStandalone target not found
Native extension for OSXStandalone target not found
Refreshing native plugins compatible for Editor in 1.12 ms, found 11 plugins.
Preloading 2 native plugins for Editor in 0.16 ms.
System.Reflection.TargetInvocationException: Exception has been thrown by the target of an invocation. ---> System.NullReferenceException: Object reference not set to an instance of an object
  at Unity.XR.Oculus.OculusLoader.AssetPathToAbsolutePath (System.String assetPath) [0x00048] in C:\Users\anton\Documents\VR-Terror\VR-TerrorGame\Library\PackageCache\com.unity.xr.oculus@1.11.2\Runtime\OculusLoader.cs:250 
  at Unity.XR.Oculus.OculusLoader.EditorLoadOVRPlugin () [0x0007b] in C:\Users\anton\Documents\VR-Terror\VR-TerrorGame\Library\PackageCache\com.unity.xr.oculus@1.11.2\Runtime\OculusLoader.cs:235 
  at (wrapper managed-to-native) System.Reflection.MonoMethod.InternalInvoke(System.Reflection.MonoMethod,object,object[],System.Exception&)
  at System.Reflection.MonoMethod.Invoke (System.Object obj, System.Reflection.BindingFlags invokeAttr, System.Reflection.Binder binder, System.Object[] parameters, System.Globalization.CultureInfo culture) [0x00032] in <695d1cc93cca45069c528c15c9fdd749>:0 
   --- End of inner exception stack trace ---
  at System.Reflection.MonoMethod.Invoke (System.Object obj, System.Reflection.BindingFlags invokeAttr, System.Reflection.Binder binder, System.Object[] parameters, System.Globalization.CultureInfo culture) [0x00048] in <695d1cc93cca45069c528c15c9fdd749>:0 
  at System.Reflection.MethodBase.Invoke (System.Object obj, System.Object[] parameters) [0x00000] in <695d1cc93cca45069c528c15c9fdd749>:0 
  at UnityEditor.EditorAssemblies.ProcessInitializeOnLoadMethodAttributes () [0x00047] in <af1a2f671a98418f910899d70a717c00>:0 
UnityEngine.StackTraceUtility:ExtractStackTrace ()
UnityEngine.DebugLogHandler:LogFormat (UnityEngine.LogType,UnityEngine.Object,string,object[])
UnityEngine.Logger:Log (UnityEngine.LogType,object)
UnityEngine.Debug:LogError (object)
UnityEditor.EditorAssemblies:ProcessInitializeOnLoadMethodAttributes ()

Mono: successfully reloaded assembly
- Completed reload, in  1.095 seconds
Domain Reload Profiling:
	ReloadAssembly (1096ms)
		BeginReloadAssembly (104ms)
			ExecutionOrderSort (0ms)
			DisableScriptedObjects (4ms)
			BackupInstance (0ms)
			ReleaseScriptingObjects (0ms)
			CreateAndSetChildDomain (29ms)
		EndReloadAssembly (929ms)
			LoadAssemblies (94ms)
			RebuildTransferFunctionScriptingTraits (0ms)
			SetupTypeCache (321ms)
			ReleaseScriptCaches (1ms)
			RebuildScriptCaches (43ms)
			SetupLoadedEditorAssemblies (364ms)
				LogAssemblyErrors (0ms)
				InitializePlatformSupportModulesInManaged (4ms)
				SetLoadedEditorAssemblies (1ms)
				RefreshPlugins (1ms)
				BeforeProcessingInitializeOnLoad (93ms)
				ProcessInitializeOnLoadAttributes (240ms)
				ProcessInitializeOnLoadMethodAttributes (18ms)
				AfterProcessingInitializeOnLoad (7ms)
				EditorAssembliesLoaded (0ms)
			ExecutionOrderSort2 (0ms)
			AwakeInstancesAfterBackupRestoration (6ms)
Platform modules already initialized, skipping
Refreshing native plugins compatible for Editor in 1.10 ms, found 11 plugins.
Preloading 2 native plugins for Editor in 0.15 ms.
Unloading 2639 Unused Serialized files (Serialized files now loaded: 0)
System memory in use before: 132.5 MB.
System memory in use after: 132.7 MB.

Unloading 18 unused Assets to reduce memory usage. Loaded Objects now: 3248.
Total: 3.132500 ms (FindLiveObjects: 0.244100 ms CreateObjectMapping: 0.137000 ms MarkObjects: 2.731300 ms  DeleteObjects: 0.019500 ms)

AssetImportParameters requested are different than current active one (requested -> active):
  custom:framework-win-MediaFoundation: 216162199b28c13a410421893ffa2e32 -> 
  custom:video-decoder-ogg-theora: a1e56fd34408186e4bbccfd4996cb3dc -> 
  custom:container-muxer-webm: aa71ff27fc2769a1b78a27578f13a17b -> 
  custom:container-demuxer-webm: 4f35f7cbe854078d1ac9338744f61a02 -> 
  custom:container-demuxer-ogg: 62fdf1f143b41e24485cea50d1cbac27 -> 
  custom:video-encoder-webm-vp8: eb34c28f22e8b96e1ab97ce403110664 -> 
  custom:video-decoder-webm-vp8: 9c59270c3fd7afecdb556c50c9e8de78 -> 
  custom:audio-decoder-ogg-vorbis: bf7c407c2cedff20999df2af8eb42d56 -> 
  custom:audio-encoder-webm-vorbis: bf7c407c2cedff20999df2af8eb42d56 -> 
========================================================================
Received Prepare
Registering precompiled user dll's ...
Registered in 0.010985 seconds.
Begin MonoManager ReloadAssembly
Native extension for WindowsStandalone target not found
Native extension for OSXStandalone target not found
Refreshing native plugins compatible for Editor in 1.29 ms, found 11 plugins.
Preloading 2 native plugins for Editor in 0.20 ms.
System.Reflection.TargetInvocationException: Exception has been thrown by the target of an invocation. ---> System.NullReferenceException: Object reference not set to an instance of an object
  at Unity.XR.Oculus.OculusLoader.AssetPathToAbsolutePath (System.String assetPath) [0x00048] in C:\Users\anton\Documents\VR-Terror\VR-TerrorGame\Library\PackageCache\com.unity.xr.oculus@1.11.2\Runtime\OculusLoader.cs:250 
  at Unity.XR.Oculus.OculusLoader.EditorLoadOVRPlugin () [0x0007b] in C:\Users\anton\Documents\VR-Terror\VR-TerrorGame\Library\PackageCache\com.unity.xr.oculus@1.11.2\Runtime\OculusLoader.cs:235 
  at (wrapper managed-to-native) System.Reflection.MonoMethod.InternalInvoke(System.Reflection.MonoMethod,object,object[],System.Exception&)
  at System.Reflection.MonoMethod.Invoke (System.Object obj, System.Reflection.BindingFlags invokeAttr, System.Reflection.Binder binder, System.Object[] parameters, System.Globalization.CultureInfo culture) [0x00032] in <695d1cc93cca45069c528c15c9fdd749>:0 
   --- End of inner exception stack trace ---
  at System.Reflection.MonoMethod.Invoke (System.Object obj, System.Reflection.BindingFlags invokeAttr, System.Reflection.Binder binder, System.Object[] parameters, System.Globalization.CultureInfo culture) [0x00048] in <695d1cc93cca45069c528c15c9fdd749>:0 
  at System.Reflection.MethodBase.Invoke (System.Object obj, System.Object[] parameters) [0x00000] in <695d1cc93cca45069c528c15c9fdd749>:0 
  at UnityEditor.EditorAssemblies.ProcessInitializeOnLoadMethodAttributes () [0x00047] in <af1a2f671a98418f910899d70a717c00>:0 
UnityEngine.StackTraceUtility:ExtractStackTrace ()
UnityEngine.DebugLogHandler:LogFormat (UnityEngine.LogType,UnityEngine.Object,string,object[])
UnityEngine.Logger:Log (UnityEngine.LogType,object)
UnityEngine.Debug:LogError (object)
UnityEditor.EditorAssemblies:ProcessInitializeOnLoadMethodAttributes ()

Mono: successfully reloaded assembly
- Completed reload, in  1.211 seconds
Domain Reload Profiling:
	ReloadAssembly (1211ms)
		BeginReloadAssembly (121ms)
			ExecutionOrderSort (0ms)
			DisableScriptedObjects (5ms)
			BackupInstance (0ms)
			ReleaseScriptingObjects (0ms)
			CreateAndSetChildDomain (33ms)
		EndReloadAssembly (988ms)
			LoadAssemblies (128ms)
			RebuildTransferFunctionScriptingTraits (0ms)
			SetupTypeCache (330ms)
			ReleaseScriptCaches (1ms)
			RebuildScriptCaches (45ms)
			SetupLoadedEditorAssemblies (370ms)
				LogAssemblyErrors (0ms)
				InitializePlatformSupportModulesInManaged (5ms)
				SetLoadedEditorAssemblies (1ms)
				RefreshPlugins (2ms)
				BeforeProcessingInitializeOnLoad (96ms)
				ProcessInitializeOnLoadAttributes (238ms)
				ProcessInitializeOnLoadMethodAttributes (22ms)
				AfterProcessingInitializeOnLoad (7ms)
				EditorAssembliesLoaded (0ms)
			ExecutionOrderSort2 (0ms)
			AwakeInstancesAfterBackupRestoration (6ms)
Platform modules already initialized, skipping
Refreshing native plugins compatible for Editor in 1.11 ms, found 11 plugins.
Preloading 2 native plugins for Editor in 0.16 ms.
Unloading 2639 Unused Serialized files (Serialized files now loaded: 0)
System memory in use before: 132.5 MB.
System memory in use after: 132.8 MB.

Unloading 18 unused Assets to reduce memory usage. Loaded Objects now: 3251.
Total: 3.185800 ms (FindLiveObjects: 0.248200 ms CreateObjectMapping: 0.143400 ms MarkObjects: 2.771900 ms  DeleteObjects: 0.021200 ms)

AssetImportParameters requested are different than current active one (requested -> active):
  custom:framework-win-MediaFoundation: 216162199b28c13a410421893ffa2e32 -> 
  custom:video-decoder-ogg-theora: a1e56fd34408186e4bbccfd4996cb3dc -> 
  custom:container-muxer-webm: aa71ff27fc2769a1b78a27578f13a17b -> 
  custom:container-demuxer-webm: 4f35f7cbe854078d1ac9338744f61a02 -> 
  custom:container-demuxer-ogg: 62fdf1f143b41e24485cea50d1cbac27 -> 
  custom:video-encoder-webm-vp8: eb34c28f22e8b96e1ab97ce403110664 -> 
  custom:video-decoder-webm-vp8: 9c59270c3fd7afecdb556c50c9e8de78 -> 
  custom:audio-decoder-ogg-vorbis: bf7c407c2cedff20999df2af8eb42d56 -> 
  custom:audio-encoder-webm-vorbis: bf7c407c2cedff20999df2af8eb42d56 -> 
AssetImportWorkerClient::OnTransportError - code=2 error=End of file
